Tabela #1
---
|x|
---
|0|
---
|1|
---
satisfativel e refutavel

Tabela #2
---
|y|
---
|0|
---
|1|
---
satisfativel e refutavel

Tabela #3
-----------------------------------------------------------------------------
|y|z|(-y)|(-(-y))|((-(-y))>z)|(((-(-y))>z)+(-(-y)))|(-(((-(-y))>z)+(-(-y))))|
-----------------------------------------------------------------------------
|0|0|   1|      0|          1|                    1|                       0|
-----------------------------------------------------------------------------
|0|1|   1|      0|          1|                    1|                       0|
-----------------------------------------------------------------------------
|1|0|   0|      1|          0|                    1|                       0|
-----------------------------------------------------------------------------
|1|1|   0|      1|          1|                    1|                       0|
-----------------------------------------------------------------------------
insatisfativel e refutavel

Tabela #4
---
|t|
---
|0|
---
|1|
---
satisfativel e refutavel

Tabela #5
---------------------------------------------------------------------------------------------------------------------------------------------------------------------------------------------------------------
|x|y|z|t|(-x)|((-x)+t)|(y.(-x))|(-((-x)+t))|((-((-x)+t)).z)|((y.(-x)).((-x)+t))|((-x)>((-((-x)+t)).z))|(((-x)>((-((-x)+t)).z)).((y.(-x)).((-x)+t)))|((((-x)>((-((-x)+t)).z)).((y.(-x)).((-x)+t)))+(-((-x)+t)))|
---------------------------------------------------------------------------------------------------------------------------------------------------------------------------------------------------------------
|0|0|0|0|   1|       1|       0|          0|              0|                  0|                     0|                                           0|                                                         0|
---------------------------------------------------------------------------------------------------------------------------------------------------------------------------------------------------------------
|0|0|0|1|   1|       1|       0|          0|              0|                  0|                     0|                                           0|                                                         0|
---------------------------------------------------------------------------------------------------------------------------------------------------------------------------------------------------------------
|0|0|1|0|   1|       1|       0|          0|              0|                  0|                     0|                                           0|                                                         0|
---------------------------------------------------------------------------------------------------------------------------------------------------------------------------------------------------------------
|0|0|1|1|   1|       1|       0|          0|              0|                  0|                     0|                                           0|                                                         0|
---------------------------------------------------------------------------------------------------------------------------------------------------------------------------------------------------------------
|0|1|0|0|   1|       1|       1|          0|              0|                  1|                     0|                                           0|                                                         0|
---------------------------------------------------------------------------------------------------------------------------------------------------------------------------------------------------------------
|0|1|0|1|   1|       1|       1|          0|              0|                  1|                     0|                                           0|                                                         0|
---------------------------------------------------------------------------------------------------------------------------------------------------------------------------------------------------------------
|0|1|1|0|   1|       1|       1|          0|              0|                  1|                     0|                                           0|                                                         0|
---------------------------------------------------------------------------------------------------------------------------------------------------------------------------------------------------------------
|0|1|1|1|   1|       1|       1|          0|              0|                  1|                     0|                                           0|                                                         0|
---------------------------------------------------------------------------------------------------------------------------------------------------------------------------------------------------------------
|1|0|0|0|   0|       0|       0|          1|              0|                  0|                     1|                                           0|                                                         1|
---------------------------------------------------------------------------------------------------------------------------------------------------------------------------------------------------------------
|1|0|0|1|   0|       1|       0|          0|              0|                  0|                     1|                                           0|                                                         0|
---------------------------------------------------------------------------------------------------------------------------------------------------------------------------------------------------------------
|1|0|1|0|   0|       0|       0|          1|              1|                  0|                     1|                                           0|                                                         1|
---------------------------------------------------------------------------------------------------------------------------------------------------------------------------------------------------------------
|1|0|1|1|   0|       1|       0|          0|              0|                  0|                     1|                                           0|                                                         0|
---------------------------------------------------------------------------------------------------------------------------------------------------------------------------------------------------------------
|1|1|0|0|   0|       0|       0|          1|              0|                  0|                     1|                                           0|                                                         1|
---------------------------------------------------------------------------------------------------------------------------------------------------------------------------------------------------------------
|1|1|0|1|   0|       1|       0|          0|              0|                  0|                     1|                                           0|                                                         0|
---------------------------------------------------------------------------------------------------------------------------------------------------------------------------------------------------------------
|1|1|1|0|   0|       0|       0|          1|              1|                  0|                     1|                                           0|                                                         1|
---------------------------------------------------------------------------------------------------------------------------------------------------------------------------------------------------------------
|1|1|1|1|   0|       1|       0|          0|              0|                  0|                     1|                                           0|                                                         0|
---------------------------------------------------------------------------------------------------------------------------------------------------------------------------------------------------------------
satisfativel e refutavel

Tabela #6
-------------------------------
|x|y|z|(-x)|(y>z)|((y>z)>(-x))|
-------------------------------
|0|0|0|   1|    1|           1|
-------------------------------
|0|0|1|   1|    1|           1|
-------------------------------
|0|1|0|   1|    0|           1|
-------------------------------
|0|1|1|   1|    1|           1|
-------------------------------
|1|0|0|   0|    1|           0|
-------------------------------
|1|0|1|   0|    1|           0|
-------------------------------
|1|1|0|   0|    0|           1|
-------------------------------
|1|1|1|   0|    1|           0|
-------------------------------
satisfativel e refutavel

Tabela #7
---
|z|
---
|0|
---
|1|
---
satisfativel e refutavel

Tabela #8
---------------------------------------------
|x|y|z|(-y)|(z+z)|((z+z).x)|((-y)+((z+z).x))|
---------------------------------------------
|0|0|0|   1|    0|        0|               1|
---------------------------------------------
|0|0|1|   1|    1|        0|               1|
---------------------------------------------
|0|1|0|   0|    0|        0|               0|
---------------------------------------------
|0|1|1|   0|    1|        0|               0|
---------------------------------------------
|1|0|0|   1|    0|        0|               1|
---------------------------------------------
|1|0|1|   1|    1|        1|               1|
---------------------------------------------
|1|1|0|   0|    0|        0|               0|
---------------------------------------------
|1|1|1|   0|    1|        1|               1|
---------------------------------------------
satisfativel e refutavel

Tabela #9
------------------------------
|t|(t+t)|(-(t+t))|(-(-(t+t)))|
------------------------------
|0|    0|       1|          0|
------------------------------
|1|    1|       0|          1|
------------------------------
satisfativel e refutavel

Tabela #10
---------
|t|(t>t)|
---------
|0|    1|
---------
|1|    1|
---------
satisfativel e tautologia

Tabela #11
-----------------------------------------------------------------------------------------------------
|x|z|t|(z+x)|(t.(z+x))|(-(t.(z+x)))|((-(t.(z+x)))>t)|(-((-(t.(z+x)))>t))|((z+x)+(-((-(t.(z+x)))>t)))|
-----------------------------------------------------------------------------------------------------
|0|0|0|    0|        0|           1|               0|                  1|                          1|
-----------------------------------------------------------------------------------------------------
|0|0|1|    0|        0|           1|               1|                  0|                          0|
-----------------------------------------------------------------------------------------------------
|0|1|0|    1|        0|           1|               0|                  1|                          1|
-----------------------------------------------------------------------------------------------------
|0|1|1|    1|        1|           0|               1|                  0|                          1|
-----------------------------------------------------------------------------------------------------
|1|0|0|    1|        0|           1|               0|                  1|                          1|
-----------------------------------------------------------------------------------------------------
|1|0|1|    1|        1|           0|               1|                  0|                          1|
-----------------------------------------------------------------------------------------------------
|1|1|0|    1|        0|           1|               0|                  1|                          1|
-----------------------------------------------------------------------------------------------------
|1|1|1|    1|        1|           0|               1|                  0|                          1|
-----------------------------------------------------------------------------------------------------
satisfativel e refutavel

Tabela #12
---------------------------------------
|x|y|z|t|(t>z)|(x.(t>z))|((x.(t>z))+y)|
---------------------------------------
|0|0|0|0|    1|        0|            0|
---------------------------------------
|0|0|0|1|    0|        0|            0|
---------------------------------------
|0|0|1|0|    1|        0|            0|
---------------------------------------
|0|0|1|1|    1|        0|            0|
---------------------------------------
|0|1|0|0|    1|        0|            1|
---------------------------------------
|0|1|0|1|    0|        0|            1|
---------------------------------------
|0|1|1|0|    1|        0|            1|
---------------------------------------
|0|1|1|1|    1|        0|            1|
---------------------------------------
|1|0|0|0|    1|        1|            1|
---------------------------------------
|1|0|0|1|    0|        0|            0|
---------------------------------------
|1|0|1|0|    1|        1|            1|
---------------------------------------
|1|0|1|1|    1|        1|            1|
---------------------------------------
|1|1|0|0|    1|        1|            1|
---------------------------------------
|1|1|0|1|    0|        0|            1|
---------------------------------------
|1|1|1|0|    1|        1|            1|
---------------------------------------
|1|1|1|1|    1|        1|            1|
---------------------------------------
satisfativel e refutavel

Tabela #13
-----------------------------------------------------------------------------
|x|y|z|(x>x)|(z+y)|((z+y)>y)|(z+(x>x))|(-((z+y)>y))|((-((z+y)>y)).(z+(x>x)))|
-----------------------------------------------------------------------------
|0|0|0|    1|    0|        1|        1|           0|                       0|
-----------------------------------------------------------------------------
|0|0|1|    1|    1|        0|        1|           1|                       1|
-----------------------------------------------------------------------------
|0|1|0|    1|    1|        1|        1|           0|                       0|
-----------------------------------------------------------------------------
|0|1|1|    1|    1|        1|        1|           0|                       0|
-----------------------------------------------------------------------------
|1|0|0|    1|    0|        1|        1|           0|                       0|
-----------------------------------------------------------------------------
|1|0|1|    1|    1|        0|        1|           1|                       1|
-----------------------------------------------------------------------------
|1|1|0|    1|    1|        1|        1|           0|                       0|
-----------------------------------------------------------------------------
|1|1|1|    1|    1|        1|        1|           0|                       0|
-----------------------------------------------------------------------------
satisfativel e refutavel

Tabela #14
--------------------------------------------------------------------------------------------------------------------------------------------------------------------------------------------------------------------------------------------------------------------------------------------------------------------------------------------------------------------------------------------------------------------------------------------
|y|z|t|(-t)|(y>z)|(z>t)|(-(-t))|((-t).(y>z))|((z>t)+(z>t))|((z>t)>(y>z))|((z>t).((z>t)>(y>z)))|(((z>t)+(z>t)).((z>t)+(z>t)))|(((-t).(y>z)).((z>t).((z>t)>(y>z))))|((-(-t))>(((z>t)+(z>t)).((z>t)+(z>t))))|(-((-(-t))>(((z>t)+(z>t)).((z>t)+(z>t)))))|(-(-((-(-t))>(((z>t)+(z>t)).((z>t)+(z>t))))))|(-(-(-((-(-t))>(((z>t)+(z>t)).((z>t)+(z>t)))))))|((((-t).(y>z)).((z>t).((z>t)>(y>z))))+(-(-(-((-(-t))>(((z>t)+(z>t)).((z>t)+(z>t))))))))|
--------------------------------------------------------------------------------------------------------------------------------------------------------------------------------------------------------------------------------------------------------------------------------------------------------------------------------------------------------------------------------------------------------------------------------------------
|0|0|0|   1|    1|    1|      0|           1|            1|            1|                    1|                            1|                                   1|                                      1|                                         0|                                            1|                                               0|                                                                                      1|
--------------------------------------------------------------------------------------------------------------------------------------------------------------------------------------------------------------------------------------------------------------------------------------------------------------------------------------------------------------------------------------------------------------------------------------------
|0|0|1|   0|    1|    1|      1|           0|            1|            1|                    1|                            1|                                   0|                                      1|                                         0|                                            1|                                               0|                                                                                      0|
--------------------------------------------------------------------------------------------------------------------------------------------------------------------------------------------------------------------------------------------------------------------------------------------------------------------------------------------------------------------------------------------------------------------------------------------
|0|1|0|   1|    1|    0|      0|           1|            0|            1|                    0|                            0|                                   0|                                      1|                                         0|                                            1|                                               0|                                                                                      0|
--------------------------------------------------------------------------------------------------------------------------------------------------------------------------------------------------------------------------------------------------------------------------------------------------------------------------------------------------------------------------------------------------------------------------------------------
|0|1|1|   0|    1|    1|      1|           0|            1|            1|                    1|                            1|                                   0|                                      1|                                         0|                                            1|                                               0|                                                                                      0|
--------------------------------------------------------------------------------------------------------------------------------------------------------------------------------------------------------------------------------------------------------------------------------------------------------------------------------------------------------------------------------------------------------------------------------------------
|1|0|0|   1|    0|    1|      0|           0|            1|            0|                    0|                            1|                                   0|                                      1|                                         0|                                            1|                                               0|                                                                                      0|
--------------------------------------------------------------------------------------------------------------------------------------------------------------------------------------------------------------------------------------------------------------------------------------------------------------------------------------------------------------------------------------------------------------------------------------------
|1|0|1|   0|    0|    1|      1|           0|            1|            0|                    0|                            1|                                   0|                                      1|                                         0|                                            1|                                               0|                                                                                      0|
--------------------------------------------------------------------------------------------------------------------------------------------------------------------------------------------------------------------------------------------------------------------------------------------------------------------------------------------------------------------------------------------------------------------------------------------
|1|1|0|   1|    1|    0|      0|           1|            0|            1|                    0|                            0|                                   0|                                      1|                                         0|                                            1|                                               0|                                                                                      0|
--------------------------------------------------------------------------------------------------------------------------------------------------------------------------------------------------------------------------------------------------------------------------------------------------------------------------------------------------------------------------------------------------------------------------------------------
|1|1|1|   0|    1|    1|      1|           0|            1|            1|                    1|                            1|                                   0|                                      1|                                         0|                                            1|                                               0|                                                                                      0|
--------------------------------------------------------------------------------------------------------------------------------------------------------------------------------------------------------------------------------------------------------------------------------------------------------------------------------------------------------------------------------------------------------------------------------------------
satisfativel e refutavel

Tabela #15
-----------------------------------------------------
|y|z|t|(y.y)|(z.(y.y))|(-(z.(y.y)))|(t.(-(z.(y.y))))|
-----------------------------------------------------
|0|0|0|    0|        0|           1|               0|
-----------------------------------------------------
|0|0|1|    0|        0|           1|               1|
-----------------------------------------------------
|0|1|0|    0|        0|           1|               0|
-----------------------------------------------------
|0|1|1|    0|        0|           1|               1|
-----------------------------------------------------
|1|0|0|    1|        0|           1|               0|
-----------------------------------------------------
|1|0|1|    1|        0|           1|               1|
-----------------------------------------------------
|1|1|0|    1|        1|           0|               0|
-----------------------------------------------------
|1|1|1|    1|        1|           0|               0|
-----------------------------------------------------
satisfativel e refutavel

Tabela #16
---------------------------------------------------------------------------------------------------------------------------------------------------------
|x|y|z|(-x)|(-y)|(z.x)|(z>x)|((z>x)+z)|(z+(z>x))|(((z>x)+z)>(-y))|((z+(z>x)).(z.x))|((-x).((z+(z>x)).(z.x)))|(((-x).((z+(z>x)).(z.x)))+(((z>x)+z)>(-y)))|
---------------------------------------------------------------------------------------------------------------------------------------------------------
|0|0|0|   1|   1|    0|    1|        1|        1|               1|                0|                       0|                                          1|
---------------------------------------------------------------------------------------------------------------------------------------------------------
|0|0|1|   1|   1|    0|    0|        1|        1|               1|                0|                       0|                                          1|
---------------------------------------------------------------------------------------------------------------------------------------------------------
|0|1|0|   1|   0|    0|    1|        1|        1|               0|                0|                       0|                                          0|
---------------------------------------------------------------------------------------------------------------------------------------------------------
|0|1|1|   1|   0|    0|    0|        1|        1|               0|                0|                       0|                                          0|
---------------------------------------------------------------------------------------------------------------------------------------------------------
|1|0|0|   0|   1|    0|    1|        1|        1|               1|                0|                       0|                                          1|
---------------------------------------------------------------------------------------------------------------------------------------------------------
|1|0|1|   0|   1|    1|    1|        1|        1|               1|                1|                       0|                                          1|
---------------------------------------------------------------------------------------------------------------------------------------------------------
|1|1|0|   0|   0|    0|    1|        1|        1|               0|                0|                       0|                                          0|
---------------------------------------------------------------------------------------------------------------------------------------------------------
|1|1|1|   0|   0|    1|    1|        1|        1|               0|                1|                       0|                                          0|
---------------------------------------------------------------------------------------------------------------------------------------------------------
satisfativel e refutavel

Tabela #17
-----------
|x|t|(x.t)|
-----------
|0|0|    0|
-----------
|0|1|    0|
-----------
|1|0|    0|
-----------
|1|1|    1|
-----------
satisfativel e refutavel

Tabela #18
-------------------------------------------------------------
|y|z|t|(t.y)|(z+y)|(y.(t.y))|(z>(z+y))|((z>(z+y))>(y.(t.y)))|
-------------------------------------------------------------
|0|0|0|    0|    0|        0|        1|                    0|
-------------------------------------------------------------
|0|0|1|    0|    0|        0|        1|                    0|
-------------------------------------------------------------
|0|1|0|    0|    1|        0|        1|                    0|
-------------------------------------------------------------
|0|1|1|    0|    1|        0|        1|                    0|
-------------------------------------------------------------
|1|0|0|    0|    1|        0|        1|                    0|
-------------------------------------------------------------
|1|0|1|    1|    1|        1|        1|                    1|
-------------------------------------------------------------
|1|1|0|    0|    1|        0|        1|                    0|
-------------------------------------------------------------
|1|1|1|    1|    1|        1|        1|                    1|
-------------------------------------------------------------
satisfativel e refutavel

Tabela #19
-----------------------------------------------------------------------------------------------------------------------------------
|x|y|z|t|(t+y)|(y+x)|(y>z)|(z>(y>z))|(y>(z>(y>z)))|((t+y)+(y>(z>(y>z))))|(-((t+y)+(y>(z>(y>z)))))|((y+x).(-((t+y)+(y>(z>(y>z))))))|
-----------------------------------------------------------------------------------------------------------------------------------
|0|0|0|0|    0|    0|    1|        1|            1|                    1|                       0|                               0|
-----------------------------------------------------------------------------------------------------------------------------------
|0|0|0|1|    1|    0|    1|        1|            1|                    1|                       0|                               0|
-----------------------------------------------------------------------------------------------------------------------------------
|0|0|1|0|    0|    0|    1|        1|            1|                    1|                       0|                               0|
-----------------------------------------------------------------------------------------------------------------------------------
|0|0|1|1|    1|    0|    1|        1|            1|                    1|                       0|                               0|
-----------------------------------------------------------------------------------------------------------------------------------
|0|1|0|0|    1|    1|    0|        1|            1|                    1|                       0|                               0|
-----------------------------------------------------------------------------------------------------------------------------------
|0|1|0|1|    1|    1|    0|        1|            1|                    1|                       0|                               0|
-----------------------------------------------------------------------------------------------------------------------------------
|0|1|1|0|    1|    1|    1|        1|            1|                    1|                       0|                               0|
-----------------------------------------------------------------------------------------------------------------------------------
|0|1|1|1|    1|    1|    1|        1|            1|                    1|                       0|                               0|
-----------------------------------------------------------------------------------------------------------------------------------
|1|0|0|0|    0|    1|    1|        1|            1|                    1|                       0|                               0|
-----------------------------------------------------------------------------------------------------------------------------------
|1|0|0|1|    1|    1|    1|        1|            1|                    1|                       0|                               0|
-----------------------------------------------------------------------------------------------------------------------------------
|1|0|1|0|    0|    1|    1|        1|            1|                    1|                       0|                               0|
-----------------------------------------------------------------------------------------------------------------------------------
|1|0|1|1|    1|    1|    1|        1|            1|                    1|                       0|                               0|
-----------------------------------------------------------------------------------------------------------------------------------
|1|1|0|0|    1|    1|    0|        1|            1|                    1|                       0|                               0|
-----------------------------------------------------------------------------------------------------------------------------------
|1|1|0|1|    1|    1|    0|        1|            1|                    1|                       0|                               0|
-----------------------------------------------------------------------------------------------------------------------------------
|1|1|1|0|    1|    1|    1|        1|            1|                    1|                       0|                               0|
-----------------------------------------------------------------------------------------------------------------------------------
|1|1|1|1|    1|    1|    1|        1|            1|                    1|                       0|                               0|
-----------------------------------------------------------------------------------------------------------------------------------
insatisfativel e refutavel

Tabela #20
----------------------------------------------------------------------------
|x|y|z|t|(t>y)|((t>y).z)|(-((t>y).z))|((-((t>y).z))+z)|(x>((-((t>y).z))+z))|
----------------------------------------------------------------------------
|0|0|0|0|    1|        0|           1|               1|                   1|
----------------------------------------------------------------------------
|0|0|0|1|    0|        0|           1|               1|                   1|
----------------------------------------------------------------------------
|0|0|1|0|    1|        1|           0|               1|                   1|
----------------------------------------------------------------------------
|0|0|1|1|    0|        0|           1|               1|                   1|
----------------------------------------------------------------------------
|0|1|0|0|    1|        0|           1|               1|                   1|
----------------------------------------------------------------------------
|0|1|0|1|    1|        0|           1|               1|                   1|
----------------------------------------------------------------------------
|0|1|1|0|    1|        1|           0|               1|                   1|
----------------------------------------------------------------------------
|0|1|1|1|    1|        1|           0|               1|                   1|
----------------------------------------------------------------------------
|1|0|0|0|    1|        0|           1|               1|                   1|
----------------------------------------------------------------------------
|1|0|0|1|    0|        0|           1|               1|                   1|
----------------------------------------------------------------------------
|1|0|1|0|    1|        1|           0|               1|                   1|
----------------------------------------------------------------------------
|1|0|1|1|    0|        0|           1|               1|                   1|
----------------------------------------------------------------------------
|1|1|0|0|    1|        0|           1|               1|                   1|
----------------------------------------------------------------------------
|1|1|0|1|    1|        0|           1|               1|                   1|
----------------------------------------------------------------------------
|1|1|1|0|    1|        1|           0|               1|                   1|
----------------------------------------------------------------------------
|1|1|1|1|    1|        1|           0|               1|                   1|
----------------------------------------------------------------------------
satisfativel e tautologia

Tabela #21
-------------------------------------------------------------------------------------------------
|x|y|z|(y.y)|((y.y)>x)|(z>((y.y)>x))|(-(z>((y.y)>x)))|(-(-(z>((y.y)>x))))|(-(-(-(z>((y.y)>x)))))|
-------------------------------------------------------------------------------------------------
|0|0|0|    0|        1|            1|               0|                  1|                     0|
-------------------------------------------------------------------------------------------------
|0|0|1|    0|        1|            1|               0|                  1|                     0|
-------------------------------------------------------------------------------------------------
|0|1|0|    1|        0|            1|               0|                  1|                     0|
-------------------------------------------------------------------------------------------------
|0|1|1|    1|        0|            0|               1|                  0|                     1|
-------------------------------------------------------------------------------------------------
|1|0|0|    0|        1|            1|               0|                  1|                     0|
-------------------------------------------------------------------------------------------------
|1|0|1|    0|        1|            1|               0|                  1|                     0|
-------------------------------------------------------------------------------------------------
|1|1|0|    1|        1|            1|               0|                  1|                     0|
-------------------------------------------------------------------------------------------------
|1|1|1|    1|        1|            1|               0|                  1|                     0|
-------------------------------------------------------------------------------------------------
satisfativel e refutavel

Tabela #22
-----------------------------------------------------------------------------------------------------------------------------
|x|z|(-z)|((-z).x)|(x>((-z).x))|((-z).(x>((-z).x)))|((x>((-z).x))>((-z).(x>((-z).x))))|(-((x>((-z).x))>((-z).(x>((-z).x)))))|
-----------------------------------------------------------------------------------------------------------------------------
|0|0|   1|       0|           1|                  1|                                 1|                                    0|
-----------------------------------------------------------------------------------------------------------------------------
|0|1|   0|       0|           1|                  0|                                 0|                                    1|
-----------------------------------------------------------------------------------------------------------------------------
|1|0|   1|       1|           1|                  1|                                 1|                                    0|
-----------------------------------------------------------------------------------------------------------------------------
|1|1|   0|       0|           0|                  0|                                 1|                                    0|
-----------------------------------------------------------------------------------------------------------------------------
satisfativel e refutavel

Tabela #23
----------------------------------------------------------------------------------------------------------------------------------------------------------------------------------------------------------------------------------------------------------------------------------------------------------------
|x|z|(z+x)|(-(z+x))|(x.(z+x))|(z.(z+x))|(-(z.(z+x)))|(-(-(z.(z+x))))|((x.(z+x))+(z.(z+x)))|((-(-(z.(z+x))))>(z+x))|(((x.(z+x))+(z.(z+x)))>(-(z+x)))|((z.(z+x)).((-(-(z.(z+x))))>(z+x)))|((z+x)+(((x.(z+x))+(z.(z+x)))>(-(z+x))))|(((z.(z+x)).((-(-(z.(z+x))))>(z+x))).((z+x)+(((x.(z+x))+(z.(z+x)))>(-(z+x)))))|
----------------------------------------------------------------------------------------------------------------------------------------------------------------------------------------------------------------------------------------------------------------------------------------------------------------
|0|0|    0|       1|        0|        0|           1|              0|                    0|                      1|                               1|                                  0|                                       1|                                                                             0|
----------------------------------------------------------------------------------------------------------------------------------------------------------------------------------------------------------------------------------------------------------------------------------------------------------------
|0|1|    1|       0|        0|        1|           0|              1|                    1|                      1|                               0|                                  1|                                       1|                                                                             1|
----------------------------------------------------------------------------------------------------------------------------------------------------------------------------------------------------------------------------------------------------------------------------------------------------------------
|1|0|    1|       0|        1|        0|           1|              0|                    1|                      1|                               0|                                  0|                                       1|                                                                             0|
----------------------------------------------------------------------------------------------------------------------------------------------------------------------------------------------------------------------------------------------------------------------------------------------------------------
|1|1|    1|       0|        1|        1|           0|              1|                    1|                      1|                               0|                                  1|                                       1|                                                                             1|
----------------------------------------------------------------------------------------------------------------------------------------------------------------------------------------------------------------------------------------------------------------------------------------------------------------
satisfativel e refutavel

Tabela #24
-----------
|y|z|(y+z)|
-----------
|0|0|    0|
-----------
|0|1|    1|
-----------
|1|0|    1|
-----------
|1|1|    1|
-----------
satisfativel e refutavel

Tabela #25
------------------------------------
|x|y|z|(z+y)|(x>(z+y))|(-(x>(z+y)))|
------------------------------------
|0|0|0|    0|        1|           0|
------------------------------------
|0|0|1|    1|        1|           0|
------------------------------------
|0|1|0|    1|        1|           0|
------------------------------------
|0|1|1|    1|        1|           0|
------------------------------------
|1|0|0|    0|        0|           1|
------------------------------------
|1|0|1|    1|        1|           0|
------------------------------------
|1|1|0|    1|        1|           0|
------------------------------------
|1|1|1|    1|        1|           0|
------------------------------------
satisfativel e refutavel

Tabela #26
-------------------------------------------------------------------------
|x|y|t|(x.t)|(y.(x.t))|(-(y.(x.t)))|((-(y.(x.t)))+y)|(-((-(y.(x.t)))+y))|
-------------------------------------------------------------------------
|0|0|0|    0|        0|           1|               1|                  0|
-------------------------------------------------------------------------
|0|0|1|    0|        0|           1|               1|                  0|
-------------------------------------------------------------------------
|0|1|0|    0|        0|           1|               1|                  0|
-------------------------------------------------------------------------
|0|1|1|    0|        0|           1|               1|                  0|
-------------------------------------------------------------------------
|1|0|0|    0|        0|           1|               1|                  0|
-------------------------------------------------------------------------
|1|0|1|    1|        0|           1|               1|                  0|
-------------------------------------------------------------------------
|1|1|0|    0|        0|           1|               1|                  0|
-------------------------------------------------------------------------
|1|1|1|    1|        1|           0|               1|                  0|
-------------------------------------------------------------------------
insatisfativel e refutavel

Tabela #27
----------------------------------------------------------------------------------------------------------------------------------------------------------------------------
|y|z|t|(-y)|(y>y)|(z>t)|(-(-y))|((y>y).t)|((-(-y))+z)|((y>y)+((y>y).t))|(((y>y)+((y>y).t))>(z>t))|((((y>y)+((y>y).t))>(z>t))+y)|(((-(-y))+z).((((y>y)+((y>y).t))>(z>t))+y))|
----------------------------------------------------------------------------------------------------------------------------------------------------------------------------
|0|0|0|   1|    1|    1|      0|        0|          0|                1|                        1|                            1|                                          0|
----------------------------------------------------------------------------------------------------------------------------------------------------------------------------
|0|0|1|   1|    1|    1|      0|        1|          0|                1|                        1|                            1|                                          0|
----------------------------------------------------------------------------------------------------------------------------------------------------------------------------
|0|1|0|   1|    1|    0|      0|        0|          1|                1|                        0|                            0|                                          0|
----------------------------------------------------------------------------------------------------------------------------------------------------------------------------
|0|1|1|   1|    1|    1|      0|        1|          1|                1|                        1|                            1|                                          1|
----------------------------------------------------------------------------------------------------------------------------------------------------------------------------
|1|0|0|   0|    1|    1|      1|        0|          1|                1|                        1|                            1|                                          1|
----------------------------------------------------------------------------------------------------------------------------------------------------------------------------
|1|0|1|   0|    1|    1|      1|        1|          1|                1|                        1|                            1|                                          1|
----------------------------------------------------------------------------------------------------------------------------------------------------------------------------
|1|1|0|   0|    1|    0|      1|        0|          1|                1|                        0|                            1|                                          1|
----------------------------------------------------------------------------------------------------------------------------------------------------------------------------
|1|1|1|   0|    1|    1|      1|        1|          1|                1|                        1|                            1|                                          1|
----------------------------------------------------------------------------------------------------------------------------------------------------------------------------
satisfativel e refutavel

Tabela #28
----------------------------------------------------------------------------------------------------------------------------------------------------------------------------------------------------------------------------------------------------------------------------------------------------------------------------------------------------------------------------------------------------------------------------------------------------------------------------------------------------------------------------------------------------------------------------------------------------------------------------------------------------------------
|x|y|z|(-y)|(-z)|(z.y)|((z.y)+z)|(((z.y)+z)+x)|((-y).((z.y)+z))|((((z.y)+z)+x)>z)|(((z.y)+z)>((((z.y)+z)+x)>z))|(-(((z.y)+z)>((((z.y)+z)+x)>z)))|((z.y)+(-(((z.y)+z)>((((z.y)+z)+x)>z))))|(((-y).((z.y)+z)).((z.y)+(-(((z.y)+z)>((((z.y)+z)+x)>z)))))|((-z).(((-y).((z.y)+z)).((z.y)+(-(((z.y)+z)>((((z.y)+z)+x)>z))))))|(((z.y)+(-(((z.y)+z)>((((z.y)+z)+x)>z))))>((z.y)+(-(((z.y)+z)>((((z.y)+z)+x)>z)))))|(-(((z.y)+(-(((z.y)+z)>((((z.y)+z)+x)>z))))>((z.y)+(-(((z.y)+z)>((((z.y)+z)+x)>z))))))|(((-z).(((-y).((z.y)+z)).((z.y)+(-(((z.y)+z)>((((z.y)+z)+x)>z)))))).(-(((z.y)+(-(((z.y)+z)>((((z.y)+z)+x)>z))))>((z.y)+(-(((z.y)+z)>((((z.y)+z)+x)>z)))))))|
----------------------------------------------------------------------------------------------------------------------------------------------------------------------------------------------------------------------------------------------------------------------------------------------------------------------------------------------------------------------------------------------------------------------------------------------------------------------------------------------------------------------------------------------------------------------------------------------------------------------------------------------------------------
|0|0|0|   1|   1|    0|        0|            0|               0|                1|                            1|                               0|                                       0|                                                          0|                                                                 0|                                                                                  1|                                                                                     0|                                                                                                                                                          0|
----------------------------------------------------------------------------------------------------------------------------------------------------------------------------------------------------------------------------------------------------------------------------------------------------------------------------------------------------------------------------------------------------------------------------------------------------------------------------------------------------------------------------------------------------------------------------------------------------------------------------------------------------------------
|0|0|1|   1|   0|    0|        1|            1|               1|                1|                            1|                               0|                                       0|                                                          0|                                                                 0|                                                                                  1|                                                                                     0|                                                                                                                                                          0|
----------------------------------------------------------------------------------------------------------------------------------------------------------------------------------------------------------------------------------------------------------------------------------------------------------------------------------------------------------------------------------------------------------------------------------------------------------------------------------------------------------------------------------------------------------------------------------------------------------------------------------------------------------------
|0|1|0|   0|   1|    0|        0|            0|               0|                1|                            1|                               0|                                       0|                                                          0|                                                                 0|                                                                                  1|                                                                                     0|                                                                                                                                                          0|
----------------------------------------------------------------------------------------------------------------------------------------------------------------------------------------------------------------------------------------------------------------------------------------------------------------------------------------------------------------------------------------------------------------------------------------------------------------------------------------------------------------------------------------------------------------------------------------------------------------------------------------------------------------
|0|1|1|   0|   0|    1|        1|            1|               0|                1|                            1|                               0|                                       1|                                                          0|                                                                 0|                                                                                  1|                                                                                     0|                                                                                                                                                          0|
----------------------------------------------------------------------------------------------------------------------------------------------------------------------------------------------------------------------------------------------------------------------------------------------------------------------------------------------------------------------------------------------------------------------------------------------------------------------------------------------------------------------------------------------------------------------------------------------------------------------------------------------------------------
|1|0|0|   1|   1|    0|        0|            1|               0|                0|                            1|                               0|                                       0|                                                          0|                                                                 0|                                                                                  1|                                                                                     0|                                                                                                                                                          0|
----------------------------------------------------------------------------------------------------------------------------------------------------------------------------------------------------------------------------------------------------------------------------------------------------------------------------------------------------------------------------------------------------------------------------------------------------------------------------------------------------------------------------------------------------------------------------------------------------------------------------------------------------------------
|1|0|1|   1|   0|    0|        1|            1|               1|                1|                            1|                               0|                                       0|                                                          0|                                                                 0|                                                                                  1|                                                                                     0|                                                                                                                                                          0|
----------------------------------------------------------------------------------------------------------------------------------------------------------------------------------------------------------------------------------------------------------------------------------------------------------------------------------------------------------------------------------------------------------------------------------------------------------------------------------------------------------------------------------------------------------------------------------------------------------------------------------------------------------------
|1|1|0|   0|   1|    0|        0|            1|               0|                0|                            1|                               0|                                       0|                                                          0|                                                                 0|                                                                                  1|                                                                                     0|                                                                                                                                                          0|
----------------------------------------------------------------------------------------------------------------------------------------------------------------------------------------------------------------------------------------------------------------------------------------------------------------------------------------------------------------------------------------------------------------------------------------------------------------------------------------------------------------------------------------------------------------------------------------------------------------------------------------------------------------
|1|1|1|   0|   0|    1|        1|            1|               0|                1|                            1|                               0|                                       1|                                                          0|                                                                 0|                                                                                  1|                                                                                     0|                                                                                                                                                          0|
----------------------------------------------------------------------------------------------------------------------------------------------------------------------------------------------------------------------------------------------------------------------------------------------------------------------------------------------------------------------------------------------------------------------------------------------------------------------------------------------------------------------------------------------------------------------------------------------------------------------------------------------------------------
insatisfativel e refutavel

Tabela #29
-----------
|x|z|(z+x)|
-----------
|0|0|    0|
-----------
|0|1|    1|
-----------
|1|0|    1|
-----------
|1|1|    1|
-----------
satisfativel e refutavel

Tabela #30
-----------
|y|z|(z.y)|
-----------
|0|0|    0|
-----------
|0|1|    0|
-----------
|1|0|    0|
-----------
|1|1|    1|
-----------
satisfativel e refutavel

Tabela #31
---------------------------------------------------------------------------------------------------------------------------------------------------------------------------------------------------------------------------------------------------------------------------------------------------------------------------------------------------------------------------------------------------------------------------
|x|y|z|t|(t+t)|(z>t)|(-(t+t))|((t+t)+y)|((z>t)+t)|(((t+t)+y)>z)|(((z>t)+t)>x)|(y.(((t+t)+y)>z))|((y.(((t+t)+y)>z))>x)|((((z>t)+t)>x)+(((t+t)+y)>z))|(((((z>t)+t)>x)+(((t+t)+y)>z)).((y.(((t+t)+y)>z))>x))|(-(((((z>t)+t)>x)+(((t+t)+y)>z)).((y.(((t+t)+y)>z))>x)))|((-(t+t)).(-(((((z>t)+t)>x)+(((t+t)+y)>z)).((y.(((t+t)+y)>z))>x))))|(((-(t+t)).(-(((((z>t)+t)>x)+(((t+t)+y)>z)).((y.(((t+t)+y)>z))>x)))).(((t+t)+y)>z))|
---------------------------------------------------------------------------------------------------------------------------------------------------------------------------------------------------------------------------------------------------------------------------------------------------------------------------------------------------------------------------------------------------------------------------
|0|0|0|0|    0|    1|       1|        0|        1|            1|            0|                0|                    1|                            1|                                                    1|                                                       0|                                                                  0|                                                                                  0|
---------------------------------------------------------------------------------------------------------------------------------------------------------------------------------------------------------------------------------------------------------------------------------------------------------------------------------------------------------------------------------------------------------------------------
|0|0|0|1|    1|    1|       0|        1|        1|            0|            0|                0|                    1|                            0|                                                    0|                                                       1|                                                                  0|                                                                                  0|
---------------------------------------------------------------------------------------------------------------------------------------------------------------------------------------------------------------------------------------------------------------------------------------------------------------------------------------------------------------------------------------------------------------------------
|0|0|1|0|    0|    0|       1|        0|        0|            1|            1|                0|                    1|                            1|                                                    1|                                                       0|                                                                  0|                                                                                  0|
---------------------------------------------------------------------------------------------------------------------------------------------------------------------------------------------------------------------------------------------------------------------------------------------------------------------------------------------------------------------------------------------------------------------------
|0|0|1|1|    1|    1|       0|        1|        1|            1|            0|                0|                    1|                            1|                                                    1|                                                       0|                                                                  0|                                                                                  0|
---------------------------------------------------------------------------------------------------------------------------------------------------------------------------------------------------------------------------------------------------------------------------------------------------------------------------------------------------------------------------------------------------------------------------
|0|1|0|0|    0|    1|       1|        1|        1|            0|            0|                0|                    1|                            0|                                                    0|                                                       1|                                                                  1|                                                                                  0|
---------------------------------------------------------------------------------------------------------------------------------------------------------------------------------------------------------------------------------------------------------------------------------------------------------------------------------------------------------------------------------------------------------------------------
|0|1|0|1|    1|    1|       0|        1|        1|            0|            0|                0|                    1|                            0|                                                    0|                                                       1|                                                                  0|                                                                                  0|
---------------------------------------------------------------------------------------------------------------------------------------------------------------------------------------------------------------------------------------------------------------------------------------------------------------------------------------------------------------------------------------------------------------------------
|0|1|1|0|    0|    0|       1|        1|        0|            1|            1|                1|                    0|                            1|                                                    0|                                                       1|                                                                  1|                                                                                  1|
---------------------------------------------------------------------------------------------------------------------------------------------------------------------------------------------------------------------------------------------------------------------------------------------------------------------------------------------------------------------------------------------------------------------------
|0|1|1|1|    1|    1|       0|        1|        1|            1|            0|                1|                    0|                            1|                                                    0|                                                       1|                                                                  0|                                                                                  0|
---------------------------------------------------------------------------------------------------------------------------------------------------------------------------------------------------------------------------------------------------------------------------------------------------------------------------------------------------------------------------------------------------------------------------
|1|0|0|0|    0|    1|       1|        0|        1|            1|            1|                0|                    1|                            1|                                                    1|                                                       0|                                                                  0|                                                                                  0|
---------------------------------------------------------------------------------------------------------------------------------------------------------------------------------------------------------------------------------------------------------------------------------------------------------------------------------------------------------------------------------------------------------------------------
|1|0|0|1|    1|    1|       0|        1|        1|            0|            1|                0|                    1|                            1|                                                    1|                                                       0|                                                                  0|                                                                                  0|
---------------------------------------------------------------------------------------------------------------------------------------------------------------------------------------------------------------------------------------------------------------------------------------------------------------------------------------------------------------------------------------------------------------------------
|1|0|1|0|    0|    0|       1|        0|        0|            1|            1|                0|                    1|                            1|                                                    1|                                                       0|                                                                  0|                                                                                  0|
---------------------------------------------------------------------------------------------------------------------------------------------------------------------------------------------------------------------------------------------------------------------------------------------------------------------------------------------------------------------------------------------------------------------------
|1|0|1|1|    1|    1|       0|        1|        1|            1|            1|                0|                    1|                            1|                                                    1|                                                       0|                                                                  0|                                                                                  0|
---------------------------------------------------------------------------------------------------------------------------------------------------------------------------------------------------------------------------------------------------------------------------------------------------------------------------------------------------------------------------------------------------------------------------
|1|1|0|0|    0|    1|       1|        1|        1|            0|            1|                0|                    1|                            1|                                                    1|                                                       0|                                                                  0|                                                                                  0|
---------------------------------------------------------------------------------------------------------------------------------------------------------------------------------------------------------------------------------------------------------------------------------------------------------------------------------------------------------------------------------------------------------------------------
|1|1|0|1|    1|    1|       0|        1|        1|            0|            1|                0|                    1|                            1|                                                    1|                                                       0|                                                                  0|                                                                                  0|
---------------------------------------------------------------------------------------------------------------------------------------------------------------------------------------------------------------------------------------------------------------------------------------------------------------------------------------------------------------------------------------------------------------------------
|1|1|1|0|    0|    0|       1|        1|        0|            1|            1|                1|                    1|                            1|                                                    1|                                                       0|                                                                  0|                                                                                  0|
---------------------------------------------------------------------------------------------------------------------------------------------------------------------------------------------------------------------------------------------------------------------------------------------------------------------------------------------------------------------------------------------------------------------------
|1|1|1|1|    1|    1|       0|        1|        1|            1|            1|                1|                    1|                            1|                                                    1|                                                       0|                                                                  0|                                                                                  0|
---------------------------------------------------------------------------------------------------------------------------------------------------------------------------------------------------------------------------------------------------------------------------------------------------------------------------------------------------------------------------------------------------------------------------
satisfativel e refutavel

Tabela #32
--------------------------------------------------------------------------------------------------------------------------------------------------------------------------------------------------------
|z|t|(-z)|(z.z)|((-z).t)|(t>(z.z))|((z.z)>(z.z))|(((-z).t)+(t>(z.z)))|(t.(((-z).t)+(t>(z.z))))|((t.(((-z).t)+(t>(z.z))))+((z.z)>(z.z)))|(((t.(((-z).t)+(t>(z.z))))+((z.z)>(z.z))).(((-z).t)+(t>(z.z))))|
--------------------------------------------------------------------------------------------------------------------------------------------------------------------------------------------------------
|0|0|   1|    0|       0|        1|            1|                   1|                       0|                                       1|                                                              1|
--------------------------------------------------------------------------------------------------------------------------------------------------------------------------------------------------------
|0|1|   1|    0|       1|        0|            1|                   1|                       1|                                       1|                                                              1|
--------------------------------------------------------------------------------------------------------------------------------------------------------------------------------------------------------
|1|0|   0|    1|       0|        1|            1|                   1|                       0|                                       1|                                                              1|
--------------------------------------------------------------------------------------------------------------------------------------------------------------------------------------------------------
|1|1|   0|    1|       0|        1|            1|                   1|                       1|                                       1|                                                              1|
--------------------------------------------------------------------------------------------------------------------------------------------------------------------------------------------------------
satisfativel e tautologia

Tabela #33
--------------------------------------------------------------------------------------------------------------------------------------------------
|x|y|z|t|(t.z)|(z.y)|((t.z).(t.z))|((z.y)>(t.z))|(-((z.y)>(t.z)))|(x+((t.z).(t.z)))|(z+(-((z.y)>(t.z))))|((x+((t.z).(t.z))).(z+(-((z.y)>(t.z)))))|
--------------------------------------------------------------------------------------------------------------------------------------------------
|0|0|0|0|    0|    0|            0|            1|               0|                0|                   0|                                       0|
--------------------------------------------------------------------------------------------------------------------------------------------------
|0|0|0|1|    0|    0|            0|            1|               0|                0|                   0|                                       0|
--------------------------------------------------------------------------------------------------------------------------------------------------
|0|0|1|0|    0|    0|            0|            1|               0|                0|                   1|                                       0|
--------------------------------------------------------------------------------------------------------------------------------------------------
|0|0|1|1|    1|    0|            1|            1|               0|                1|                   1|                                       1|
--------------------------------------------------------------------------------------------------------------------------------------------------
|0|1|0|0|    0|    0|            0|            1|               0|                0|                   0|                                       0|
--------------------------------------------------------------------------------------------------------------------------------------------------
|0|1|0|1|    0|    0|            0|            1|               0|                0|                   0|                                       0|
--------------------------------------------------------------------------------------------------------------------------------------------------
|0|1|1|0|    0|    1|            0|            0|               1|                0|                   1|                                       0|
--------------------------------------------------------------------------------------------------------------------------------------------------
|0|1|1|1|    1|    1|            1|            1|               0|                1|                   1|                                       1|
--------------------------------------------------------------------------------------------------------------------------------------------------
|1|0|0|0|    0|    0|            0|            1|               0|                1|                   0|                                       0|
--------------------------------------------------------------------------------------------------------------------------------------------------
|1|0|0|1|    0|    0|            0|            1|               0|                1|                   0|                                       0|
--------------------------------------------------------------------------------------------------------------------------------------------------
|1|0|1|0|    0|    0|            0|            1|               0|                1|                   1|                                       1|
--------------------------------------------------------------------------------------------------------------------------------------------------
|1|0|1|1|    1|    0|            1|            1|               0|                1|                   1|                                       1|
--------------------------------------------------------------------------------------------------------------------------------------------------
|1|1|0|0|    0|    0|            0|            1|               0|                1|                   0|                                       0|
--------------------------------------------------------------------------------------------------------------------------------------------------
|1|1|0|1|    0|    0|            0|            1|               0|                1|                   0|                                       0|
--------------------------------------------------------------------------------------------------------------------------------------------------
|1|1|1|0|    0|    1|            0|            0|               1|                1|                   1|                                       1|
--------------------------------------------------------------------------------------------------------------------------------------------------
|1|1|1|1|    1|    1|            1|            1|               0|                1|                   1|                                       1|
--------------------------------------------------------------------------------------------------------------------------------------------------
satisfativel e refutavel

Tabela #34
--------
|t|(-t)|
--------
|0|   1|
--------
|1|   0|
--------
satisfativel e refutavel

Tabela #35
--------
|z|(-z)|
--------
|0|   1|
--------
|1|   0|
--------
satisfativel e refutavel

